Using pre-set license
Built from '2020.3/staging' branch; Version is '2020.3.6f1 (338bb68529b2) revision 3378102'; Using compiler version '192528614'; Build Type 'Release'
OS: 'Windows 10 Pro; OS build 19044.1826; Version 2009; 64bit' Language: 'vi' Physical Memory: 8057 MB
BatchMode: 1, IsHumanControllingUs: 0, StartBugReporterOnCrash: 0, Is64bit: 1, IsPro: 0

 COMMAND LINE ARGUMENTS:
C:\Program Files\Unity\Hub\Editor\2020.3.6f1\Editor\Unity.exe
-adb2
-batchMode
-noUpm
-name
AssetImportWorker0
-projectPath
D:/Unity Project/SmartE_Project
-logFile
Logs/AssetImportWorker0.log
-srvPort
56077
Successfully changed project path to: D:/Unity Project/SmartE_Project
D:/Unity Project/SmartE_Project
Using Asset Import Pipeline V2.
Refreshing native plugins compatible for Editor in 43.90 ms, found 0 plugins.
Preloading 0 native plugins for Editor in 0.00 ms.
Initialize engine version: 2020.3.6f1 (338bb68529b2)
[Subsystems] Discovering subsystems at path C:/Program Files/Unity/Hub/Editor/2020.3.6f1/Editor/Data/Resources/UnitySubsystems
[Subsystems] Discovering subsystems at path D:/Unity Project/SmartE_Project/Assets
GfxDevice: creating device client; threaded=0
Direct3D:
    Version:  Direct3D 11.0 [level 11.1]
    Renderer: Radeon (TM) R5 M420 (ID=0x666f)
    Vendor:   
    VRAM:     2039 MB
    Driver:   26.20.12030.1
Initialize mono
Mono path[0] = 'C:/Program Files/Unity/Hub/Editor/2020.3.6f1/Editor/Data/Managed'
Mono path[1] = 'C:/Program Files/Unity/Hub/Editor/2020.3.6f1/Editor/Data/MonoBleedingEdge/lib/mono/unityjit'
Mono config path = 'C:/Program Files/Unity/Hub/Editor/2020.3.6f1/Editor/Data/MonoBleedingEdge/etc'
Using monoOptions --debugger-agent=transport=dt_socket,embedding=1,server=y,suspend=n,address=127.0.0.1:56152
Begin MonoManager ReloadAssembly
Registering precompiled unity dll's ...
Register platform support module: C:/Program Files/Unity/Hub/Editor/2020.3.6f1/Editor/Data/PlaybackEngines/WebGLSupport/UnityEditor.WebGL.Extensions.dll
Register platform support module: C:/Program Files/Unity/Hub/Editor/2020.3.6f1/Editor/Data/PlaybackEngines/WindowsStandaloneSupport/UnityEditor.WindowsStandalone.Extensions.dll
Registered in 0.003303 seconds.
Native extension for WindowsStandalone target not found
Native extension for WebGL target not found
Refreshing native plugins compatible for Editor in 48.65 ms, found 0 plugins.
Preloading 0 native plugins for Editor in 0.00 ms.
Mono: successfully reloaded assembly
- Completed reload, in  3.272 seconds
Platform modules already initialized, skipping
Registering precompiled user dll's ...
Registered in 0.000718 seconds.
Begin MonoManager ReloadAssembly
Native extension for WindowsStandalone target not found
Native extension for WebGL target not found
Refreshing native plugins compatible for Editor in 0.28 ms, found 0 plugins.
Preloading 0 native plugins for Editor in 0.00 ms.
Mono: successfully reloaded assembly
- Completed reload, in  1.524 seconds
Platform modules already initialized, skipping
========================================================================
Worker process is ready to serve import requests
Launched and connected shader compiler UnityShaderCompiler.exe after 0.07 seconds
Refreshing native plugins compatible for Editor in 0.69 ms, found 0 plugins.
Preloading 0 native plugins for Editor in 0.00 ms.
Unloading 1235 Unused Serialized files (Serialized files now loaded: 0)
System memory in use before: 63.4 MB.
System memory in use after: 63.5 MB.

Unloading 11 unused Assets to reduce memory usage. Loaded Objects now: 1680.
Total: 6.531900 ms (FindLiveObjects: 0.428400 ms CreateObjectMapping: 0.196200 ms MarkObjects: 5.525800 ms  DeleteObjects: 0.378400 ms)

========================================================================
Received Import Request.
  path: Assets/Argyle
  artifactKey: Guid(9ad7a3eac1ef69b4ebc5b9c9aa0f9039) Importer(815301076,1909f56bfc062723c751e8b465ee728b)
Start importing Assets/Argyle using Guid(9ad7a3eac1ef69b4ebc5b9c9aa0f9039) Importer(815301076,1909f56bfc062723c751e8b465ee728b)  -> (artifact id: 'f1258ab64d85d7a1996c18d39cabb247') in 0.018945 seconds
  Import took 0.022710 seconds .

========================================================================
Received Import Request.
  Time since last request: 0.638240 seconds.
  path: Assets/Classroom
  artifactKey: Guid(9ad7a3eac1ef69b4ebc5b9c9aa0f9039) Importer(815301076,1909f56bfc062723c751e8b465ee728b)
Start importing Assets/Classroom using Guid(9ad7a3eac1ef69b4ebc5b9c9aa0f9039) Importer(815301076,1909f56bfc062723c751e8b465ee728b)  -> (artifact id: 'b47ac4f7da09ba282b88e73dbe31331e') in 0.025673 seconds
  Import took 0.032928 seconds .

========================================================================
Received Import Request.
  Time since last request: 25.739787 seconds.
  path: Assets/1. 3D ASSETS
  artifactKey: Guid(daf68fd11a6cc68419944f06a86e8ad3) Importer(815301076,1909f56bfc062723c751e8b465ee728b)
Start importing Assets/1. 3D ASSETS using Guid(daf68fd11a6cc68419944f06a86e8ad3) Importer(815301076,1909f56bfc062723c751e8b465ee728b)  -> (artifact id: 'c0fb002ffcebebd251ea33abebb74c0e') in 0.027787 seconds
  Import took 0.033367 seconds .

========================================================================
Received Import Request.
  Time since last request: 15.422259 seconds.
  path: Assets/4. SCENE
  artifactKey: Guid(f96bd516c8ea4e0418126154eb1c3ff5) Importer(815301076,1909f56bfc062723c751e8b465ee728b)
Start importing Assets/4. SCENE using Guid(f96bd516c8ea4e0418126154eb1c3ff5) Importer(815301076,1909f56bfc062723c751e8b465ee728b)  -> (artifact id: 'd4a60db35d9cdf9a20552c682ff7ef76') in 0.018364 seconds
  Import took 0.024519 seconds .

AssetImportWorkerClient::OnTransportError - code=2 error=End of file
